<?xml version="1.0" encoding="UTF-8"?>
<!-- Generated by org.testng.reporters.JUnitReportReporter -->
<testsuite hostname="DESKTOP-K7CSJBL" failures="0" tests="1" name="com.selenium.SeleniumTest" time="10.397" errors="0" timestamp="2023-05-14T02:07:59 EDT" skipped="0">
  <testcase classname="com.selenium.SeleniumTest" name="openBrowser" time="10.397"/>
  <system-out/>
</testsuite> <!-- com.selenium.SeleniumTest -->
