<?xml version="1.0" encoding="UTF-8"?>
<!-- Generated by org.testng.reporters.JUnitReportReporter -->
<testsuite hostname="DESKTOP-K7CSJBL" failures="0" tests="1" name="com.selenium.SeleniumTest" time="38.129" errors="0" timestamp="2023-06-03T17:58:47 EDT" skipped="0">
  <testcase classname="com.selenium.SeleniumTest" name="openBrowser" time="38.129"/>
  <system-out/>
</testsuite> <!-- com.selenium.SeleniumTest -->
